warning: Git tree '/home/maxine/.profiles/nixvim-config' is dirty
Using saved setting for 'extra-substituters = https://devenv.cachix.org' from ~/.local/share/nix/trusted-settings.json.
Using saved setting for 'extra-trusted-public-keys = devenv.cachix.org-1:w1cLUi8dv3hnoSPGAuibQv+f9TZLr6cv/Hm9XgU50cw=' from ~/.local/share/nix/trusted-settings.json.
error:
       … while calling the 'derivationStrict' builtin
         at «nix-internal»/derivation-internal.nix:37:12:
           36|
           37|   strict = derivationStrict drvAttrs;
             |            ^
           38|

       … while evaluating derivation 'nixvim'
         whose name attribute is located at «github:NixOS/nixpkgs/ae67888ff7ef9dff69b3cf0cc0fbfbcd3a722abe?narHash=sha256-P7dWMHRUWG5m4G%2B06jDyThXO7kwSk46C1kgjEWcybkE%3D»/pkgs/stdenv/generic/make-derivation.nix:536:13

       … while evaluating attribute 'paths' of derivation 'nixvim'
         at «github:NixOS/nixpkgs/ae67888ff7ef9dff69b3cf0cc0fbfbcd3a722abe?narHash=sha256-P7dWMHRUWG5m4G%2B06jDyThXO7kwSk46C1kgjEWcybkE%3D»/pkgs/build-support/trivial-builders/default.nix:617:11:
          616|           inherit preferLocalBuild allowSubstitutes;
          617|           paths = mapPaths (path: "${path}${stripPrefix}") paths;
             |           ^
          618|           passAsFile = [ "paths" ];

       … while calling anonymous lambda
         at «github:NixOS/nixpkgs/ae67888ff7ef9dff69b3cf0cc0fbfbcd3a722abe?narHash=sha256-P7dWMHRUWG5m4G%2B06jDyThXO7kwSk46C1kgjEWcybkE%3D»/pkgs/build-support/trivial-builders/default.nix:599:11:
          598|         map (
          599|           path:
             |           ^
          600|           if path == null then

       … from call site
         at «github:NixOS/nixpkgs/ae67888ff7ef9dff69b3cf0cc0fbfbcd3a722abe?narHash=sha256-P7dWMHRUWG5m4G%2B06jDyThXO7kwSk46C1kgjEWcybkE%3D»/pkgs/build-support/trivial-builders/default.nix:605:13:
          604|           else
          605|             f path
             |             ^
          606|         ) paths;

       … while calling anonymous lambda
         at «github:NixOS/nixpkgs/ae67888ff7ef9dff69b3cf0cc0fbfbcd3a722abe?narHash=sha256-P7dWMHRUWG5m4G%2B06jDyThXO7kwSk46C1kgjEWcybkE%3D»/pkgs/build-support/trivial-builders/default.nix:617:29:
          616|           inherit preferLocalBuild allowSubstitutes;
          617|           paths = mapPaths (path: "${path}${stripPrefix}") paths;
             |                             ^
          618|           passAsFile = [ "paths" ];

       … while calling the 'getAttr' builtin
         at «nix-internal»/derivation-internal.nix:50:17:
           49|     value = commonAttrs // {
           50|       outPath = builtins.getAttr outputName strict;
             |                 ^
           51|       drvPath = strict.drvPath;

       … while calling the 'derivationStrict' builtin
         at «nix-internal»/derivation-internal.nix:37:12:
           36|
           37|   strict = derivationStrict drvAttrs;
             |            ^
           38|

       … while evaluating derivation 'neovim-0.11.6'
         whose name attribute is located at «github:NixOS/nixpkgs/ae67888ff7ef9dff69b3cf0cc0fbfbcd3a722abe?narHash=sha256-P7dWMHRUWG5m4G%2B06jDyThXO7kwSk46C1kgjEWcybkE%3D»/pkgs/stdenv/generic/make-derivation.nix:536:13

       … while evaluating attribute 'generatedWrapperArgs' of derivation 'neovim-0.11.6'
         at «github:NixOS/nixpkgs/ae67888ff7ef9dff69b3cf0cc0fbfbcd3a722abe?narHash=sha256-P7dWMHRUWG5m4G%2B06jDyThXO7kwSk46C1kgjEWcybkE%3D»/pkgs/applications/editors/neovim/wrapper.nix:222:29:
          221|         inherit python3Env rubyEnv;
          222|         inherit wrapperArgs generatedWrapperArgs;
             |                             ^
          223|

       … while evaluating list element at index 3

       … while calling the 'getAttr' builtin
         at «nix-internal»/derivation-internal.nix:50:17:
           49|     value = commonAttrs // {
           50|       outPath = builtins.getAttr outputName strict;
             |                 ^
           51|       drvPath = strict.drvPath;

       … while calling the 'derivationStrict' builtin
         at «nix-internal»/derivation-internal.nix:37:12:
           36|
           37|   strict = derivationStrict drvAttrs;
             |            ^
           38|

       … while evaluating derivation 'vim-pack-dir'
         whose name attribute is located at «github:NixOS/nixpkgs/ae67888ff7ef9dff69b3cf0cc0fbfbcd3a722abe?narHash=sha256-P7dWMHRUWG5m4G%2B06jDyThXO7kwSk46C1kgjEWcybkE%3D»/pkgs/stdenv/generic/make-derivation.nix:536:13

       … while evaluating attribute 'passAsFile' of derivation 'vim-pack-dir'
         at «github:NixOS/nixpkgs/ae67888ff7ef9dff69b3cf0cc0fbfbcd3a722abe?narHash=sha256-P7dWMHRUWG5m4G%2B06jDyThXO7kwSk46C1kgjEWcybkE%3D»/pkgs/build-support/trivial-builders/default.nix:81:9:
           80|         inherit buildCommand name;
           81|         passAsFile = [ "buildCommand" ] ++ (derivationArgs.passAsFile or [ ]);
             |         ^
           82|       }

       … while evaluating the attribute 'passAsFile'
         at «github:NixOS/nixpkgs/ae67888ff7ef9dff69b3cf0cc0fbfbcd3a722abe?narHash=sha256-P7dWMHRUWG5m4G%2B06jDyThXO7kwSk46C1kgjEWcybkE%3D»/pkgs/build-support/buildenv/default.nix:116:9:
          115|         # XXX: The size is somewhat arbitrary
          116|         passAsFile = if builtins.stringLength pkgs >= 128 * 1024 then [ "pkgs" ] else [ ];
             |         ^
          117|       }

       … while evaluating a branch condition
         at «github:NixOS/nixpkgs/ae67888ff7ef9dff69b3cf0cc0fbfbcd3a722abe?narHash=sha256-P7dWMHRUWG5m4G%2B06jDyThXO7kwSk46C1kgjEWcybkE%3D»/pkgs/build-support/buildenv/default.nix:116:22:
          115|         # XXX: The size is somewhat arbitrary
          116|         passAsFile = if builtins.stringLength pkgs >= 128 * 1024 then [ "pkgs" ] else [ ];
             |                      ^
          117|       }

       … in the argument of the not operator
         at «github:NixOS/nixpkgs/ae67888ff7ef9dff69b3cf0cc0fbfbcd3a722abe?narHash=sha256-P7dWMHRUWG5m4G%2B06jDyThXO7kwSk46C1kgjEWcybkE%3D»/pkgs/build-support/buildenv/default.nix:116:52:
          115|         # XXX: The size is somewhat arbitrary
          116|         passAsFile = if builtins.stringLength pkgs >= 128 * 1024 then [ "pkgs" ] else [ ];
             |                                                    ^
          117|       }

       … while calling the 'lessThan' builtin
         at «github:NixOS/nixpkgs/ae67888ff7ef9dff69b3cf0cc0fbfbcd3a722abe?narHash=sha256-P7dWMHRUWG5m4G%2B06jDyThXO7kwSk46C1kgjEWcybkE%3D»/pkgs/build-support/buildenv/default.nix:116:52:
          115|         # XXX: The size is somewhat arbitrary
          116|         passAsFile = if builtins.stringLength pkgs >= 128 * 1024 then [ "pkgs" ] else [ ];
             |                                                    ^
          117|       }

       … while calling the 'stringLength' builtin
         at «github:NixOS/nixpkgs/ae67888ff7ef9dff69b3cf0cc0fbfbcd3a722abe?narHash=sha256-P7dWMHRUWG5m4G%2B06jDyThXO7kwSk46C1kgjEWcybkE%3D»/pkgs/build-support/buildenv/default.nix:116:25:
          115|         # XXX: The size is somewhat arbitrary
          116|         passAsFile = if builtins.stringLength pkgs >= 128 * 1024 then [ "pkgs" ] else [ ];
             |                         ^
          117|       }

       … while calling the 'toJSON' builtin
         at «github:NixOS/nixpkgs/ae67888ff7ef9dff69b3cf0cc0fbfbcd3a722abe?narHash=sha256-P7dWMHRUWG5m4G%2B06jDyThXO7kwSk46C1kgjEWcybkE%3D»/pkgs/build-support/buildenv/default.nix:111:16:
          110|         pathsToLinkJSON = builtins.toJSON pathsToLink;
          111|         pkgs = builtins.toJSON chosenOutputs;
             |                ^
          112|         extraPathsFrom = lib.optional includeClosures (writeClosure pathsForClosure);

       … while calling the 'map' builtin
         at «github:NixOS/nixpkgs/ae67888ff7ef9dff69b3cf0cc0fbfbcd3a722abe?narHash=sha256-P7dWMHRUWG5m4G%2B06jDyThXO7kwSk46C1kgjEWcybkE%3D»/pkgs/build-support/buildenv/default.nix:69:21:
           68|   let
           69|     chosenOutputs = map (drv: {
             |                     ^
           70|       paths =

       … from call site
         at «github:NixOS/nixpkgs/ae67888ff7ef9dff69b3cf0cc0fbfbcd3a722abe?narHash=sha256-P7dWMHRUWG5m4G%2B06jDyThXO7kwSk46C1kgjEWcybkE%3D»/pkgs/applications/editors/vim/plugins/utils/vim-utils.nix:250:16:
          249|       name = "vim-pack-dir";
          250|       paths = (lib.flatten (lib.mapAttrsToList packageLinks packages));
             |                ^
          251|     };

       … while calling 'flatten'
         at «github:NixOS/nixpkgs/ae67888ff7ef9dff69b3cf0cc0fbfbcd3a722abe?narHash=sha256-P7dWMHRUWG5m4G%2B06jDyThXO7kwSk46C1kgjEWcybkE%3D»/lib/lists.nix:439:13:
          438|   */
          439|   flatten = x: if isList x then concatMap (y: flatten y) x else [ x ];
             |             ^
          440|

       … while calling the 'concatMap' builtin
         at «github:NixOS/nixpkgs/ae67888ff7ef9dff69b3cf0cc0fbfbcd3a722abe?narHash=sha256-P7dWMHRUWG5m4G%2B06jDyThXO7kwSk46C1kgjEWcybkE%3D»/lib/lists.nix:439:33:
          438|   */
          439|   flatten = x: if isList x then concatMap (y: flatten y) x else [ x ];
             |                                 ^
          440|

       … while calling anonymous lambda
         at «github:NixOS/nixpkgs/ae67888ff7ef9dff69b3cf0cc0fbfbcd3a722abe?narHash=sha256-P7dWMHRUWG5m4G%2B06jDyThXO7kwSk46C1kgjEWcybkE%3D»/lib/lists.nix:439:44:
          438|   */
          439|   flatten = x: if isList x then concatMap (y: flatten y) x else [ x ];
             |                                            ^
          440|

       … from call site
         at «github:NixOS/nixpkgs/ae67888ff7ef9dff69b3cf0cc0fbfbcd3a722abe?narHash=sha256-P7dWMHRUWG5m4G%2B06jDyThXO7kwSk46C1kgjEWcybkE%3D»/lib/lists.nix:439:47:
          438|   */
          439|   flatten = x: if isList x then concatMap (y: flatten y) x else [ x ];
             |                                               ^
          440|

       … while calling 'flatten'
         at «github:NixOS/nixpkgs/ae67888ff7ef9dff69b3cf0cc0fbfbcd3a722abe?narHash=sha256-P7dWMHRUWG5m4G%2B06jDyThXO7kwSk46C1kgjEWcybkE%3D»/lib/lists.nix:439:13:
          438|   */
          439|   flatten = x: if isList x then concatMap (y: flatten y) x else [ x ];
             |             ^
          440|

       … while evaluating a branch condition
         at «github:NixOS/nixpkgs/ae67888ff7ef9dff69b3cf0cc0fbfbcd3a722abe?narHash=sha256-P7dWMHRUWG5m4G%2B06jDyThXO7kwSk46C1kgjEWcybkE%3D»/lib/lists.nix:439:16:
          438|   */
          439|   flatten = x: if isList x then concatMap (y: flatten y) x else [ x ];
             |                ^
          440|

       … while calling the 'isList' builtin
         at «github:NixOS/nixpkgs/ae67888ff7ef9dff69b3cf0cc0fbfbcd3a722abe?narHash=sha256-P7dWMHRUWG5m4G%2B06jDyThXO7kwSk46C1kgjEWcybkE%3D»/lib/lists.nix:439:19:
          438|   */
          439|   flatten = x: if isList x then concatMap (y: flatten y) x else [ x ];
             |                   ^
          440|

       … while calling 'packageLinks'
         at «github:NixOS/nixpkgs/ae67888ff7ef9dff69b3cf0cc0fbfbcd3a722abe?narHash=sha256-P7dWMHRUWG5m4G%2B06jDyThXO7kwSk46C1kgjEWcybkE%3D»/pkgs/applications/editors/vim/plugins/utils/vim-utils.nix:193:9:
          192|         packageName:
          193|         {
             |         ^
          194|           start ? [ ],

       … in the condition of the assert statement
         at «github:NixOS/nixpkgs/ae67888ff7ef9dff69b3cf0cc0fbfbcd3a722abe?narHash=sha256-P7dWMHRUWG5m4G%2B06jDyThXO7kwSk46C1kgjEWcybkE%3D»/pkgs/applications/editors/vim/plugins/utils/vim-utils.nix:235:9:
          234|
          235|         assert
             |         ^
          236|           (

       … in the right operand of the IMPL (->) operator
         at «github:NixOS/nixpkgs/ae67888ff7ef9dff69b3cf0cc0fbfbcd3a722abe?narHash=sha256-P7dWMHRUWG5m4G%2B06jDyThXO7kwSk46C1kgjEWcybkE%3D»/pkgs/applications/editors/vim/plugins/utils/vim-utils.nix:240:11:
          239|           )
          240|           -> throw "You cannot include two different versions of nvim-treesitter, perhaps you included a legacy plugin together with a new one?";
             |           ^
          241|

       … while calling the 'throw' builtin
         at «github:NixOS/nixpkgs/ae67888ff7ef9dff69b3cf0cc0fbfbcd3a722abe?narHash=sha256-P7dWMHRUWG5m4G%2B06jDyThXO7kwSk46C1kgjEWcybkE%3D»/pkgs/applications/editors/vim/plugins/utils/vim-utils.nix:240:14:
          239|           )
          240|           -> throw "You cannot include two different versions of nvim-treesitter, perhaps you included a legacy plugin together with a new one?";
             |              ^
          241|

       error: You cannot include two different versions of nvim-treesitter, perhaps you included a legacy plugin together with a new one?
